<?xml version="1.0" encoding="UTF-8"?>
<testsuite xmlns:xsi="http://www.w3.org/2001/XMLSchema-instance" xsi:noNamespaceSchemaLocation="https://maven.apache.org/surefire/maven-surefire-plugin/xsd/surefire-test-report-3.0.xsd" version="3.0" name="com.ApiEvent.ApiEvent.ApiEventApplicationTests" time="1.946" tests="1" errors="0" skipped="0" failures="0">
  <properties>
[...]
</properties>
  <testcase name="contextLoads" classname="com.ApiEvent.ApiEvent.ApiEventApplicationTests" time="0.546">
    <system-out><![CDATA[18:11:06.192 [main] INFO org.springframework.test.context.support.AnnotationConfigContextLoaderUtils -- Could not detect default configuration classes for test class [com.ApiEvent.ApiEvent.ApiEventApplicationTests]: ApiEventApplicationTests does not declare any static, non-private, non-final, nested classes annotated with @Configuration.
18:11:06.259 [main] INFO org.springframework.boot.test.context.SpringBootTestContextBootstrapper -- Found @SpringBootConfiguration com.ApiEvent.ApiEvent.ApiEventApplication for test class com.ApiEvent.ApiEvent.ApiEventApplicationTests
18:11:06.364 [main] INFO org.springframework.boot.devtools.restart.RestartApplicationListener -- Restart disabled due to context in which it is running

  .   ____          _            __ _ _
 /\\ / ___'_ __ _ _(_)_ __  __ _ \ \ \ \
( ( )\___ | '_ | '_| | '_ \/ _` | \ \ \ \
 \\/  ___)| |_)| | | | | || (_| |  ) ) ) )
  '  |____| .__|_| |_|_| |_\__, | / / / /
 =========|_|==============|___/=/_/_/_/
 :: Spring Boot ::                (v3.2.2)

2024-01-26T18:11:06.521+01:00  INFO 11452 --- [           main] c.A.ApiEvent.ApiEventApplicationTests    : Starting ApiEventApplicationTests using Java 19.0.1 with PID 11452 (started by thecoello in C:\Users\thecoello\OneDrive\Documents\ApiEvent\ApiEvent)
2024-01-26T18:11:06.523+01:00  INFO 11452 --- [           main] c.A.ApiEvent.ApiEventApplicationTests    : No active profile set, falling back to 1 default profile: "default"
2024-01-26T18:11:07.359+01:00  WARN 11452 --- [           main] .s.s.UserDetailsServiceAutoConfiguration : 

Using generated security password: 1bfd1750-177f-4fc6-b8bf-286685a18405

This generated password is for development use only. Your security configuration must be updated before running your application in production.

2024-01-26T18:11:07.437+01:00  INFO 11452 --- [           main] o.s.s.web.DefaultSecurityFilterChain     : Will secure any request with [org.springframework.security.web.session.DisableEncodeUrlFilter@5d152bcd, org.springframework.security.web.context.request.async.WebAsyncManagerIntegrationFilter@43cb5f38, org.springframework.security.web.context.SecurityContextHolderFilter@4684240f, org.springframework.security.web.header.HeaderWriterFilter@115ca7de, org.springframework.web.filter.CorsFilter@6435fa1c, org.springframework.security.web.csrf.CsrfFilter@31f295b6, org.springframework.security.web.authentication.logout.LogoutFilter@478b0739, org.springframework.security.web.authentication.UsernamePasswordAuthenticationFilter@72bd2871, org.springframework.security.web.authentication.ui.DefaultLoginPageGeneratingFilter@2e4389ed, org.springframework.security.web.authentication.ui.DefaultLogoutPageGeneratingFilter@7944b8b4, org.springframework.security.web.authentication.www.BasicAuthenticationFilter@413bef78, org.springframework.security.web.savedrequest.RequestCacheAwareFilter@6975fb1c, org.springframework.security.web.servletapi.SecurityContextHolderAwareRequestFilter@553da911, org.springframework.security.web.authentication.AnonymousAuthenticationFilter@d7bbf12, org.springframework.security.web.access.ExceptionTranslationFilter@63f6bed1, org.springframework.security.web.access.intercept.AuthorizationFilter@25f61c2c]
2024-01-26T18:11:07.466+01:00  INFO 11452 --- [           main] c.A.ApiEvent.ApiEventApplicationTests    : Started ApiEventApplicationTests in 1.11 seconds (process running for 1.724)
]]></system-out>
  </testcase>
</testsuite>